# JRE version: OpenJDK Runtime Environment (11.0.10) (build 11.0.10+0-b96-7249189)
# Java VM: OpenJDK 64-Bit Server VM (11.0.10+0-b96-7249189, mixed mode, tiered, compressed oops, g1 gc, windows-amd64)
Heap:
 garbage-first heap   total 637952K, used 178176K [0x0000000080000000, 0x0000000100000000)
  region size 1024K, 3 young (3072K), 3 survivors (3072K)
 Metaspace       used 100745K, capacity 103337K, committed 103588K, reserved 1138688K
  class space    used 12900K, capacity 13927K, committed 13952K, reserved 1048576K
GC Heap History (20 events):
Event: 122.854 GC heap after
{Heap after GC invocations=50 (full 0):
 garbage-first heap   total 390144K, used 113181K [0x0000000080000000, 0x0000000100000000)
  region size 1024K, 13 young (13312K), 13 survivors (13312K)
 Metaspace       used 99201K, capacity 101800K, committed 101924K, reserved 1138688K
  class space    used 12749K, capacity 13729K, committed 13824K, reserved 1048576K
}
Event: 125.255 GC heap before
{Heap before GC invocations=50 (full 0):
 garbage-first heap   total 390144K, used 314909K [0x0000000080000000, 0x0000000100000000)
  region size 1024K, 211 young (216064K), 13 survivors (13312K)
 Metaspace       used 99224K, capacity 101800K, committed 101924K, reserved 1138688K
  class space    used 12749K, capacity 13729K, committed 13824K, reserved 1048576K
}
Event: 125.373 GC heap after
{Heap after GC invocations=51 (full 0):
 garbage-first heap   total 390144K, used 118301K [0x0000000080000000, 0x0000000100000000)
  region size 1024K, 18 young (18432K), 18 survivors (18432K)
 Metaspace       used 99224K, capacity 101800K, committed 101924K, reserved 1138688K
  class space    used 12749K, capacity 13729K, committed 13824K, reserved 1048576K
}
Event: 128.095 GC heap before
{Heap before GC invocations=51 (full 0):
 garbage-first heap   total 390144K, used 313885K [0x0000000080000000, 0x0000000100000000)
  region size 1024K, 210 young (215040K), 18 survivors (18432K)
 Metaspace       used 99226K, capacity 101800K, committed 101924K, reserved 1138688K
  class space    used 12749K, capacity 13729K, committed 13824K, reserved 1048576K
}
Event: 128.265 GC heap after
{Heap after GC invocations=52 (full 0):
 garbage-first heap   total 390144K, used 125409K [0x0000000080000000, 0x0000000100000000)
  region size 1024K, 20 young (20480K), 20 survivors (20480K)
 Metaspace       used 99226K, capacity 101800K, committed 101924K, reserved 1138688K
  class space    used 12749K, capacity 13729K, committed 13824K, reserved 1048576K
}
Event: 130.340 GC heap before
{Heap before GC invocations=52 (full 0):
 garbage-first heap   total 390144K, used 318945K [0x0000000080000000, 0x0000000100000000)
  region size 1024K, 209 young (214016K), 20 survivors (20480K)
 Metaspace       used 99228K, capacity 101800K, committed 101924K, reserved 1138688K
  class space    used 12749K, capacity 13729K, committed 13824K, reserved 1048576K
}
Event: 130.398 GC heap after
{Heap after GC invocations=53 (full 0):
 garbage-first heap   total 390144K, used 125074K [0x0000000080000000, 0x0000000100000000)
  region size 1024K, 8 young (8192K), 8 survivors (8192K)
 Metaspace       used 99228K, capacity 101800K, committed 101924K, reserved 1138688K
  class space    used 12749K, capacity 13729K, committed 13824K, reserved 1048576K
}
Event: 132.996 GC heap before
{Heap before GC invocations=53 (full 0):
 garbage-first heap   total 390144K, used 322706K [0x0000000080000000, 0x0000000100000000)
  region size 1024K, 201 young (205824K), 8 survivors (8192K)
 Metaspace       used 99236K, capacity 101800K, committed 101924K, reserved 1138688K
  class space    used 12749K, capacity 13729K, committed 13824K, reserved 1048576K
}
Event: 133.078 GC heap after
{Heap after GC invocations=54 (full 0):
 garbage-first heap   total 390144K, used 125586K [0x0000000080000000, 0x0000000100000000)
  region size 1024K, 8 young (8192K), 8 survivors (8192K)
 Metaspace       used 99236K, capacity 101800K, committed 101924K, reserved 1138688K
  class space    used 12749K, capacity 13729K, committed 13824K, reserved 1048576K
}
Event: 135.750 GC heap before
{Heap before GC invocations=54 (full 0):
 garbage-first heap   total 390144K, used 327314K [0x0000000080000000, 0x0000000100000000)
  region size 1024K, 205 young (209920K), 8 survivors (8192K)
 Metaspace       used 99241K, capacity 101800K, committed 101924K, reserved 1138688K
  class space    used 12749K, capacity 13729K, committed 13824K, reserved 1048576K
}
Event: 135.830 GC heap after
{Heap after GC invocations=55 (full 0):
 garbage-first heap   total 458752K, used 127122K [0x0000000080000000, 0x0000000100000000)
  region size 1024K, 10 young (10240K), 10 survivors (10240K)
 Metaspace       used 99241K, capacity 101800K, committed 101924K, reserved 1138688K
  class space    used 12749K, capacity 13729K, committed 13824K, reserved 1048576K
}
Event: 139.093 GC heap before
{Heap before GC invocations=55 (full 0):
 garbage-first heap   total 458752K, used 341138K [0x0000000080000000, 0x0000000100000000)
  region size 1024K, 217 young (222208K), 10 survivors (10240K)
 Metaspace       used 99260K, capacity 101867K, committed 102180K, reserved 1138688K
  class space    used 12749K, capacity 13729K, committed 13824K, reserved 1048576K
}
Event: 139.269 GC heap after
{Heap after GC invocations=56 (full 0):
 garbage-first heap   total 458752K, used 134354K [0x0000000080000000, 0x0000000100000000)
  region size 1024K, 15 young (15360K), 15 survivors (15360K)
 Metaspace       used 99260K, capacity 101867K, committed 102180K, reserved 1138688K
  class space    used 12749K, capacity 13729K, committed 13824K, reserved 1048576K
}
Event: 141.804 GC heap before
{Heap before GC invocations=56 (full 0):
 garbage-first heap   total 458752K, used 316626K [0x0000000080000000, 0x0000000100000000)
  region size 1024K, 188 young (192512K), 15 survivors (15360K)
 Metaspace       used 99285K, capacity 101872K, committed 102180K, reserved 1138688K
  class space    used 12749K, capacity 13729K, committed 13824K, reserved 1048576K
}
Event: 141.923 GC heap after
{Heap after GC invocations=57 (full 0):
 garbage-first heap   total 458752K, used 129469K [0x0000000080000000, 0x0000000100000000)
  region size 1024K, 7 young (7168K), 7 survivors (7168K)
 Metaspace       used 99285K, capacity 101872K, committed 102180K, reserved 1138688K
  class space    used 12749K, capacity 13729K, committed 13824K, reserved 1048576K
}
Event: 144.679 GC heap before
{Heap before GC invocations=57 (full 0):
 garbage-first heap   total 458752K, used 212413K [0x0000000080000000, 0x0000000100000000)
  region size 1024K, 74 young (75776K), 7 survivors (7168K)
 Metaspace       used 100680K, capacity 103327K, committed 103588K, reserved 1138688K
  class space    used 12898K, capacity 13927K, committed 13952K, reserved 1048576K
}
Event: 145.029 GC heap after
{Heap after GC invocations=58 (full 0):
 garbage-first heap   total 458752K, used 164103K [0x0000000080000000, 0x0000000100000000)
  region size 1024K, 10 young (10240K), 10 survivors (10240K)
 Metaspace       used 100680K, capacity 103327K, committed 103588K, reserved 1138688K
  class space    used 12898K, capacity 13927K, committed 13952K, reserved 1048576K
}
Event: 145.629 GC heap before
{Heap before GC invocations=58 (full 0):
 garbage-first heap   total 458752K, used 176391K [0x0000000080000000, 0x0000000100000000)
  region size 1024K, 22 young (22528K), 10 survivors (10240K)
 Metaspace       used 100699K, capacity 103337K, committed 103588K, reserved 1138688K
  class space    used 12898K, capacity 13927K, committed 13952K, reserved 1048576K
}
Event: 145.797 GC heap after
{Heap after GC invocations=59 (full 0):
 garbage-first heap   total 458752K, used 170496K [0x0000000080000000, 0x0000000100000000)
  region size 1024K, 3 young (3072K), 3 survivors (3072K)
 Metaspace       used 100699K, capacity 103337K, committed 103588K, reserved 1138688K
  class space    used 12898K, capacity 13927K, committed 13952K, reserved 1048576K
}
Event: 146.411 GC heap before
{Heap before GC invocations=59 (full 0):
 garbage-first heap   total 458752K, used 189952K [0x0000000080000000, 0x0000000100000000)
  region size 1024K, 22 young (22528K), 3 survivors (3072K)
 Metaspace       used 100745K, capacity 103337K, committed 103588K, reserved 1138688K
  class space    used 12900K, capacity 13927K, committed 13952K, reserved 1048576K
}

