# JRE version: OpenJDK Runtime Environment (11.0.10) (build 11.0.10+0-b96-7249189)
# Java VM: OpenJDK 64-Bit Server VM (11.0.10+0-b96-7249189, mixed mode, tiered, compressed oops, g1 gc, windows-amd64)
Heap:
 garbage-first heap   total 480256K, used 180963K [0x0000000080000000, 0x0000000100000000)
  region size 1024K, 10 young (10240K), 10 survivors (10240K)
 Metaspace       used 141323K, capacity 146201K, committed 146468K, reserved 1177600K
  class space    used 17398K, capacity 19131K, committed 19200K, reserved 1048576K
GC Heap History (20 events):
Event: 1106.229 GC heap after
{Heap after GC invocations=96 (full 0):
 garbage-first heap   total 368640K, used 155614K [0x0000000080000000, 0x0000000100000000)
  region size 1024K, 11 young (11264K), 11 survivors (11264K)
 Metaspace       used 141154K, capacity 145996K, committed 146212K, reserved 1177600K
  class space    used 17382K, capacity 19107K, committed 19200K, reserved 1048576K
}
Event: 1109.178 GC heap before
{Heap before GC invocations=96 (full 0):
 garbage-first heap   total 368640K, used 315358K [0x0000000080000000, 0x0000000100000000)
  region size 1024K, 167 young (171008K), 11 survivors (11264K)
 Metaspace       used 141155K, capacity 145996K, committed 146212K, reserved 1177600K
  class space    used 17382K, capacity 19107K, committed 19200K, reserved 1048576K
}
Event: 1109.215 GC heap after
{Heap after GC invocations=97 (full 0):
 garbage-first heap   total 368640K, used 155614K [0x0000000080000000, 0x0000000100000000)
  region size 1024K, 11 young (11264K), 11 survivors (11264K)
 Metaspace       used 141155K, capacity 145996K, committed 146212K, reserved 1177600K
  class space    used 17382K, capacity 19107K, committed 19200K, reserved 1048576K
}
Event: 1111.248 GC heap before
{Heap before GC invocations=97 (full 0):
 garbage-first heap   total 368640K, used 317406K [0x0000000080000000, 0x0000000100000000)
  region size 1024K, 168 young (172032K), 11 survivors (11264K)
 Metaspace       used 141182K, capacity 146073K, committed 146212K, reserved 1177600K
  class space    used 17384K, capacity 19110K, committed 19200K, reserved 1048576K
}
Event: 1111.312 GC heap after
{Heap after GC invocations=98 (full 0):
 garbage-first heap   total 368640K, used 150494K [0x0000000080000000, 0x0000000100000000)
  region size 1024K, 6 young (6144K), 6 survivors (6144K)
 Metaspace       used 141182K, capacity 146073K, committed 146212K, reserved 1177600K
  class space    used 17384K, capacity 19110K, committed 19200K, reserved 1048576K
}
Event: 1114.454 GC heap before
{Heap before GC invocations=98 (full 0):
 garbage-first heap   total 368640K, used 314334K [0x0000000080000000, 0x0000000100000000)
  region size 1024K, 166 young (169984K), 6 survivors (6144K)
 Metaspace       used 141216K, capacity 146077K, committed 146212K, reserved 1177600K
  class space    used 17384K, capacity 19110K, committed 19200K, reserved 1048576K
}
Event: 1114.532 GC heap after
{Heap after GC invocations=99 (full 0):
 garbage-first heap   total 368640K, used 153566K [0x0000000080000000, 0x0000000100000000)
  region size 1024K, 9 young (9216K), 9 survivors (9216K)
 Metaspace       used 141216K, capacity 146077K, committed 146212K, reserved 1177600K
  class space    used 17384K, capacity 19110K, committed 19200K, reserved 1048576K
}
Event: 1117.315 GC heap before
{Heap before GC invocations=99 (full 0):
 garbage-first heap   total 368640K, used 318430K [0x0000000080000000, 0x0000000100000000)
  region size 1024K, 168 young (172032K), 9 survivors (9216K)
 Metaspace       used 141257K, capacity 146115K, committed 146212K, reserved 1177600K
  class space    used 17391K, capacity 19123K, committed 19200K, reserved 1048576K
}
Event: 1117.544 GC heap after
{Heap after GC invocations=100 (full 0):
 garbage-first heap   total 368640K, used 169992K [0x0000000080000000, 0x0000000100000000)
  region size 1024K, 21 young (21504K), 21 survivors (21504K)
 Metaspace       used 141257K, capacity 146115K, committed 146212K, reserved 1177600K
  class space    used 17391K, capacity 19123K, committed 19200K, reserved 1048576K
}
Event: 1119.803 GC heap before
{Heap before GC invocations=100 (full 0):
 garbage-first heap   total 368640K, used 306184K [0x0000000080000000, 0x0000000100000000)
  region size 1024K, 154 young (157696K), 21 survivors (21504K)
 Metaspace       used 141272K, capacity 146179K, committed 146468K, reserved 1177600K
  class space    used 17393K, capacity 19123K, committed 19200K, reserved 1048576K
}
Event: 1119.988 GC heap after
{Heap after GC invocations=101 (full 0):
 garbage-first heap   total 368640K, used 169606K [0x0000000080000000, 0x0000000100000000)
  region size 1024K, 3 young (3072K), 3 survivors (3072K)
 Metaspace       used 141272K, capacity 146179K, committed 146468K, reserved 1177600K
  class space    used 17393K, capacity 19123K, committed 19200K, reserved 1048576K
}
Event: 1122.697 GC heap before
{Heap before GC invocations=101 (full 0):
 garbage-first heap   total 368640K, used 306822K [0x0000000080000000, 0x0000000100000000)
  region size 1024K, 137 young (140288K), 3 survivors (3072K)
 Metaspace       used 141294K, capacity 146189K, committed 146468K, reserved 1177600K
  class space    used 17395K, capacity 19127K, committed 19200K, reserved 1048576K
}
Event: 1122.743 GC heap after
{Heap after GC invocations=102 (full 0):
 garbage-first heap   total 368640K, used 171654K [0x0000000080000000, 0x0000000100000000)
  region size 1024K, 5 young (5120K), 5 survivors (5120K)
 Metaspace       used 141294K, capacity 146189K, committed 146468K, reserved 1177600K
  class space    used 17395K, capacity 19127K, committed 19200K, reserved 1048576K
}
Event: 1125.092 GC heap before
{Heap before GC invocations=102 (full 0):
 garbage-first heap   total 368640K, used 309894K [0x0000000080000000, 0x0000000100000000)
  region size 1024K, 140 young (143360K), 5 survivors (5120K)
 Metaspace       used 141304K, capacity 146200K, committed 146468K, reserved 1177600K
  class space    used 17398K, capacity 19131K, committed 19200K, reserved 1048576K
}
Event: 1125.121 GC heap after
{Heap after GC invocations=103 (full 0):
 garbage-first heap   total 368640K, used 173640K [0x0000000080000000, 0x0000000100000000)
  region size 1024K, 7 young (7168K), 7 survivors (7168K)
 Metaspace       used 141304K, capacity 146200K, committed 146468K, reserved 1177600K
  class space    used 17398K, capacity 19131K, committed 19200K, reserved 1048576K
}
Event: 1127.725 GC heap before
{Heap before GC invocations=103 (full 0):
 garbage-first heap   total 368640K, used 313928K [0x0000000080000000, 0x0000000100000000)
  region size 1024K, 143 young (146432K), 7 survivors (7168K)
 Metaspace       used 141317K, capacity 146201K, committed 146468K, reserved 1177600K
  class space    used 17398K, capacity 19131K, committed 19200K, reserved 1048576K
}
Event: 1127.775 GC heap after
{Heap after GC invocations=104 (full 0):
 garbage-first heap   total 368640K, used 178310K [0x0000000080000000, 0x0000000100000000)
  region size 1024K, 11 young (11264K), 11 survivors (11264K)
 Metaspace       used 141317K, capacity 146201K, committed 146468K, reserved 1177600K
  class space    used 17398K, capacity 19131K, committed 19200K, reserved 1048576K
}
Event: 1129.657 GC heap before
{Heap before GC invocations=104 (full 0):
 garbage-first heap   total 368640K, used 314502K [0x0000000080000000, 0x0000000100000000)
  region size 1024K, 144 young (147456K), 11 survivors (11264K)
 Metaspace       used 141319K, capacity 146201K, committed 146468K, reserved 1177600K
  class space    used 17398K, capacity 19131K, committed 19200K, reserved 1048576K
}
Event: 1129.751 GC heap after
{Heap after GC invocations=105 (full 0):
 garbage-first heap   total 368640K, used 179397K [0x0000000080000000, 0x0000000100000000)
  region size 1024K, 11 young (11264K), 11 survivors (11264K)
 Metaspace       used 141319K, capacity 146201K, committed 146468K, reserved 1177600K
  class space    used 17398K, capacity 19131K, committed 19200K, reserved 1048576K
}
Event: 1131.351 GC heap before
{Heap before GC invocations=105 (full 0):
 garbage-first heap   total 368640K, used 315589K [0x0000000080000000, 0x0000000100000000)
  region size 1024K, 144 young (147456K), 11 survivors (11264K)
 Metaspace       used 141323K, capacity 146201K, committed 146468K, reserved 1177600K
  class space    used 17398K, capacity 19131K, committed 19200K, reserved 1048576K
}

